  Compiling CUDA source file kernel.cu...
  
  J:\CudaCode\dist_3D\dist_3D>"C:\Program Files\NVIDIA GPU Computing Toolkit\CUDA\v10.2\bin\nvcc.exe" -gencode=arch=compute_30,code=\"sm_30,compute_30\" --use-local-env -ccbin "J:\Program Files (x86)\Microsoft Visual Studio\2017\Community\VC\Tools\MSVC\14.16.27023\bin\HostX86\x64" -x cu  -I"C:\Program Files\NVIDIA GPU Computing Toolkit\CUDA\v10.2\include" -I"C:\Program Files\NVIDIA GPU Computing Toolkit\CUDA\v10.2\include"  -G   --keep-dir x64\Debug -maxrregcount=0  --machine 64 --compile -cudart static  -g   -DWIN32 -DWIN64 -D_DEBUG -D_CONSOLE -D_MBCS -Xcompiler "/EHsc /W3 /nologo /Od /Fdx64\Debug\vc141.pdb /FS /Zi /RTC1 /MDd " -o x64\Debug\kernel.cu.obj "J:\CudaCode\dist_3D\dist_3D\kernel.cu" 
c:\program files\nvidia gpu computing toolkit\cuda\v10.2\include\cuda_runtime_api.h(9348): warning C4819: 该文件包含不能在当前代码页(936)中表示的字符。请将该文件保存为 Unicode 格式以防止数据丢失
c:\program files\nvidia gpu computing toolkit\cuda\v10.2\include\cuda_runtime_api.h(9348): warning C4819: 该文件包含不能在当前代码页(936)中表示的字符。请将该文件保存为 Unicode 格式以防止数据丢失
c:\program files\nvidia gpu computing toolkit\cuda\v10.2\include\cuda_runtime_api.h(9348): warning C4819: 该文件包含不能在当前代码页(936)中表示的字符。请将该文件保存为 Unicode 格式以防止数据丢失
c:\program files\nvidia gpu computing toolkit\cuda\v10.2\include\cuda_runtime_api.h(9348): warning C4819: 该文件包含不能在当前代码页(936)中表示的字符。请将该文件保存为 Unicode 格式以防止数据丢失
c:\program files\nvidia gpu computing toolkit\cuda\v10.2\include\cuda_runtime_api.h(9348): warning C4819: 该文件包含不能在当前代码页(936)中表示的字符。请将该文件保存为 Unicode 格式以防止数据丢失
c:\program files\nvidia gpu computing toolkit\cuda\v10.2\include\cuda_runtime_api.h(9348): warning C4819: 该文件包含不能在当前代码页(936)中表示的字符。请将该文件保存为 Unicode 格式以防止数据丢失
c:\program files\nvidia gpu computing toolkit\cuda\v10.2\include\cuda_runtime_api.h(9348): warning C4819: 该文件包含不能在当前代码页(936)中表示的字符。请将该文件保存为 Unicode 格式以防止数据丢失
c:\program files\nvidia gpu computing toolkit\cuda\v10.2\include\cuda_runtime_api.h(9348): warning C4819: 该文件包含不能在当前代码页(936)中表示的字符。请将该文件保存为 Unicode 格式以防止数据丢失
c:\program files\nvidia gpu computing toolkit\cuda\v10.2\include\cuda_runtime_api.h(9348): warning C4819: 该文件包含不能在当前代码页(936)中表示的字符。请将该文件保存为 Unicode 格式以防止数据丢失
c:\program files\nvidia gpu computing toolkit\cuda\v10.2\include\cuda_runtime_api.h(9348): warning C4819: 该文件包含不能在当前代码页(936)中表示的字符。请将该文件保存为 Unicode 格式以防止数据丢失
c:\program files\nvidia gpu computing toolkit\cuda\v10.2\include\cuda_runtime_api.h(9348): warning C4819: 该文件包含不能在当前代码页(936)中表示的字符。请将该文件保存为 Unicode 格式以防止数据丢失
c:\program files\nvidia gpu computing toolkit\cuda\v10.2\include\cuda_runtime_api.h(9348): warning C4819: 该文件包含不能在当前代码页(936)中表示的字符。请将该文件保存为 Unicode 格式以防止数据丢失
c:\program files\nvidia gpu computing toolkit\cuda\v10.2\include\sm_20_intrinsics.h : warning C4819: 该文件包含不能在当前代码页(936)中表示的字符。请将该文件保存为 Unicode 格式以防止数据丢失
c:\program files\nvidia gpu computing toolkit\cuda\v10.2\include\cuda_runtime_api.h(9348): warning C4819: 该文件包含不能在当前代码页(936)中表示的字符。请将该文件保存为 Unicode 格式以防止数据丢失
c:\program files\nvidia gpu computing toolkit\cuda\v10.2\include\sm_20_intrinsics.h(925): warning C4819: 该文件包含不能在当前代码页(936)中表示的字符。请将该文件保存为 Unicode 格式以防止数据丢失
c:\program files\nvidia gpu computing toolkit\cuda\v10.2\include\cuda_runtime_api.h(9348): warning C4819: 该文件包含不能在当前代码页(936)中表示的字符。请将该文件保存为 Unicode 格式以防止数据丢失
c:\program files\nvidia gpu computing toolkit\cuda\v10.2\include\cuda_runtime_api.h(9348): warning C4819: 该文件包含不能在当前代码页(936)中表示的字符。请将该文件保存为 Unicode 格式以防止数据丢失
c:\program files\nvidia gpu computing toolkit\cuda\v10.2\include\cuda_runtime_api.h(9348): warning C4819: 该文件包含不能在当前代码页(936)中表示的字符。请将该文件保存为 Unicode 格式以防止数据丢失
c:\program files\nvidia gpu computing toolkit\cuda\v10.2\include\cuda_runtime_api.h(9348): warning C4819: 该文件包含不能在当前代码页(936)中表示的字符。请将该文件保存为 Unicode 格式以防止数据丢失
c:\program files\nvidia gpu computing toolkit\cuda\v10.2\include\cuda_runtime_api.h(9348): warning C4819: 该文件包含不能在当前代码页(936)中表示的字符。请将该文件保存为 Unicode 格式以防止数据丢失
c:\program files\nvidia gpu computing toolkit\cuda\v10.2\include\cuda_runtime_api.h(9348): warning C4819: 该文件包含不能在当前代码页(936)中表示的字符。请将该文件保存为 Unicode 格式以防止数据丢失
c:\program files\nvidia gpu computing toolkit\cuda\v10.2\include\cuda_runtime_api.h(9348): warning C4819: 该文件包含不能在当前代码页(936)中表示的字符。请将该文件保存为 Unicode 格式以防止数据丢失
J:/CudaCode/dist_3D/dist_3D/kernel.cu(38): error : initialization with "{...}" expected for aggregate object
  
J:/CudaCode/dist_3D/dist_3D/kernel.cu(41): error : argument of type "const double **" is incompatible with parameter of type "double *"
  
  2 errors detected in the compilation of "C:/Users/HSIA/AppData/Local/Temp/tmpxft_000037bc_00000000-7_kernel.cpp1.ii".
  kernel.cu
J:\Program Files (x86)\Microsoft Visual Studio\2017\Community\Common7\IDE\VC\VCTargets\BuildCustomizations\CUDA 10.2.targets(764,9): error MSB3721: 命令“"C:\Program Files\NVIDIA GPU Computing Toolkit\CUDA\v10.2\bin\nvcc.exe" -gencode=arch=compute_30,code=\"sm_30,compute_30\" --use-local-env -ccbin "J:\Program Files (x86)\Microsoft Visual Studio\2017\Community\VC\Tools\MSVC\14.16.27023\bin\HostX86\x64" -x cu  -I"C:\Program Files\NVIDIA GPU Computing Toolkit\CUDA\v10.2\include" -I"C:\Program Files\NVIDIA GPU Computing Toolkit\CUDA\v10.2\include"  -G   --keep-dir x64\Debug -maxrregcount=0  --machine 64 --compile -cudart static  -g   -DWIN32 -DWIN64 -D_DEBUG -D_CONSOLE -D_MBCS -Xcompiler "/EHsc /W3 /nologo /Od /Fdx64\Debug\vc141.pdb /FS /Zi /RTC1 /MDd " -o x64\Debug\kernel.cu.obj "J:\CudaCode\dist_3D\dist_3D\kernel.cu"”已退出，返回代码为 1。
